#
# There is insufficient memory for the Java Runtime Environment to continue.
# Native memory allocation (mmap) failed to map 132120576 bytes for Failed to commit area from 0x0000000082600000 to 0x000000008a400000 of length 132120576.
# Possible reasons:
#   The system is out of physical RAM or swap space
#   The process is running with CompressedOops enabled, and the Java Heap may be blocking the growth of the native heap
# Possible solutions:
#   Reduce memory load on the system
#   Increase physical memory or swap space
#   Check if swap backing store is full
#   Decrease Java heap size (-Xmx/-Xms)
#   Decrease number of Java threads
#   Decrease Java thread stack sizes (-Xss)
#   Set larger code cache with -XX:ReservedCodeCacheSize=
# This output file may be truncated or incomplete.
#
#  Out of Memory Error (./src/hotspot/os/windows/os_windows.cpp:3303), pid=760, tid=2740
#
# JRE version:  (11.0.9+11) (build )
# Java VM: OpenJDK 64-Bit Server VM (11.0.9+11-b1145.21, mixed mode, sharing, tiered, compressed oops, g1 gc, windows-amd64)
# No core dump will be written. Minidumps are not enabled by default on client versions of Windows
#

---------------  S U M M A R Y ------------

Command Line: org.jetbrains.git4idea.http.GitAskPassApp Username for 'https://nucode.ncl.ac.uk': 

Host: Intel(R) Core(TM) i5-8300H CPU @ 2.30GHz, 8 cores, 7G,  Windows 10 , 64 bit Build 19041 (10.0.19041.662)
Time: Fri Jan 15 18:12:28 2021 GMT Standard Time elapsed time: 0.011830 seconds (0d 0h 0m 0s)

---------------  T H R E A D  ---------------

Current thread (0x000001b3aad1a000):  JavaThread "Unknown thread" [_thread_in_vm, id=2740, stack(0x0000002d6f900000,0x0000002d6fa00000)]

Stack: [0x0000002d6f900000,0x0000002d6fa00000]
Native frames: (J=compiled Java code, j=interpreted, Vv=VM code, C=native code)
V  [jvm.dll+0x5ed3ca]
V  [jvm.dll+0x722725]
V  [jvm.dll+0x723c7d]
V  [jvm.dll+0x724333]
V  [jvm.dll+0x242bd8]
V  [jvm.dll+0x5ea884]
V  [jvm.dll+0x5df995]
V  [jvm.dll+0x2fe13b]
V  [jvm.dll+0x2fe0aa]
V  [jvm.dll+0x2fdf82]
V  [jvm.dll+0x302e56]
V  [jvm.dll+0x34b583]
V  [jvm.dll+0x34bc86]
V  [jvm.dll+0x34b683]
V  [jvm.dll+0x2d8df8]
V  [jvm.dll+0x2d9f97]
V  [jvm.dll+0x701517]
V  [jvm.dll+0x702d0c]
V  [jvm.dll+0x358b39]
V  [jvm.dll+0x6e4f9e]
V  [jvm.dll+0x3c0db3]
V  [jvm.dll+0x3c2f61]
C  [jli.dll+0x5373]
C  [ucrtbase.dll+0x214c2]
C  [KERNEL32.DLL+0x17034]
C  [ntdll.dll+0x4d0d1]


---------------  P R O C E S S  ---------------

Threads class SMR info:
_java_thread_list=0x000001b3a8b62d60, length=0, elements={
}

Java Threads: ( => current thread )

Other Threads:
  0x000001b3aad30800 GCTaskThread "GC Thread#0" [stack: 0x0000002d6fa00000,0x0000002d6fb00000] [id=10412]
  0x000001b3aad66000 ConcurrentGCThread "G1 Main Marker" [stack: 0x0000002d6fb00000,0x0000002d6fc00000] [id=1696]
  0x000001b3aad67800 ConcurrentGCThread "G1 Conc#0" [stack: 0x0000002d6fc00000,0x0000002d6fd00000] [id=13116]

[error occurred during error reporting (printing all threads), id 0xc0000005, EXCEPTION_ACCESS_VIOLATION (0xc0000005) at pc=0x00007fffdbc29397]

VM state:not at safepoint (not fully initialized)

VM Mutex/Monitor currently owned by a thread:  ([mutex/lock_event])
[0x000001b3aad168f0] Heap_lock - owner thread: 0x000001b3aad1a000

Heap address: 0x0000000082600000, size: 2010 MB, Compressed Oops mode: Non-zero based: 0x0000000082600000
Narrow klass base: 0x0000000000000000, Narrow klass shift: 0

GC Heap History (0 events):
No events

Deoptimization events (0 events):
No events

Classes redefined (0 events):
No events

Internal exceptions (0 events):
No events

Events (1 events):
Event: 0.007 Loaded shared library C:\Program Files\JetBrains\IntelliJ IDEA Community Edition 2020.2.3\jbr\bin\zip.dll


Dynamic libraries:
0x00007ff629550000 - 0x00007ff62955a000 	C:\Program Files\JetBrains\IntelliJ IDEA Community Edition 2020.2.3\jbr\bin\java.exe
0x00007ff8312f0000 - 0x00007ff8314e6000 	C:\WINDOWS\SYSTEM32\ntdll.dll
0x00007ff830ab0000 - 0x00007ff830b6d000 	C:\WINDOWS\System32\KERNEL32.DLL
0x00007ff82ee80000 - 0x00007ff82f149000 	C:\WINDOWS\System32\KERNELBASE.dll
0x00007ff82ed50000 - 0x00007ff82ee50000 	C:\WINDOWS\System32\ucrtbase.dll
0x00007ff827840000 - 0x00007ff827859000 	C:\Program Files\JetBrains\IntelliJ IDEA Community Edition 2020.2.3\jbr\bin\jli.dll
0x00007ff827500000 - 0x00007ff827517000 	C:\Program Files\JetBrains\IntelliJ IDEA Community Edition 2020.2.3\jbr\bin\VCRUNTIME140.dll
0x00007ff831100000 - 0x00007ff8312a0000 	C:\WINDOWS\System32\USER32.dll
0x00007ff82ee50000 - 0x00007ff82ee72000 	C:\WINDOWS\System32\win32u.dll
0x00007ff81cde0000 - 0x00007ff81d07b000 	C:\WINDOWS\WinSxS\amd64_microsoft.windows.common-controls_6595b64144ccf1df_6.0.19041.746_none_ca02b4b61b8320a4\COMCTL32.dll
0x00007ff8300d0000 - 0x00007ff8300fa000 	C:\WINDOWS\System32\GDI32.dll
0x00007ff82fd70000 - 0x00007ff82fe0e000 	C:\WINDOWS\System32\msvcrt.dll
0x00007ff82eae0000 - 0x00007ff82ebeb000 	C:\WINDOWS\System32\gdi32full.dll
0x00007ff82f1d0000 - 0x00007ff82f26d000 	C:\WINDOWS\System32\msvcp_win.dll
0x00007ff830100000 - 0x00007ff830130000 	C:\WINDOWS\System32\IMM32.DLL
0x00007ffff3380000 - 0x00007ffff341d000 	C:\Program Files\JetBrains\IntelliJ IDEA Community Edition 2020.2.3\jbr\bin\msvcp140.dll
0x00007fffdb940000 - 0x00007fffdc40e000 	C:\Program Files\JetBrains\IntelliJ IDEA Community Edition 2020.2.3\jbr\bin\server\jvm.dll
0x00007ff82f350000 - 0x00007ff82f3fc000 	C:\WINDOWS\System32\ADVAPI32.dll
0x00007ff830f90000 - 0x00007ff83102c000 	C:\WINDOWS\System32\sechost.dll
0x00007ff830980000 - 0x00007ff830aab000 	C:\WINDOWS\System32\RPCRT4.dll
0x00007ff82f600000 - 0x00007ff82f608000 	C:\WINDOWS\System32\PSAPI.DLL
0x00007ff82a010000 - 0x00007ff82a019000 	C:\WINDOWS\SYSTEM32\WSOCK32.dll
0x00007ff831030000 - 0x00007ff83109b000 	C:\WINDOWS\System32\WS2_32.dll
0x00007ff822f60000 - 0x00007ff822f87000 	C:\WINDOWS\SYSTEM32\WINMM.dll
0x00007ff8282d0000 - 0x00007ff8282da000 	C:\WINDOWS\SYSTEM32\VERSION.dll
0x00007ff82d330000 - 0x00007ff82d342000 	C:\WINDOWS\SYSTEM32\kernel.appcore.dll
0x00007ff828030000 - 0x00007ff828041000 	C:\Program Files\JetBrains\IntelliJ IDEA Community Edition 2020.2.3\jbr\bin\verify.dll
0x00007ff82c800000 - 0x00007ff82c9e4000 	C:\WINDOWS\SYSTEM32\DBGHELP.DLL
0x00007ff827d80000 - 0x00007ff827dac000 	C:\WINDOWS\SYSTEM32\dbgcore.DLL
0x00007ff82f150000 - 0x00007ff82f1d0000 	C:\WINDOWS\System32\bcryptPrimitives.dll
0x00007ff819c40000 - 0x00007ff819c69000 	C:\Program Files\JetBrains\IntelliJ IDEA Community Edition 2020.2.3\jbr\bin\java.dll
0x00007ff828020000 - 0x00007ff82802b000 	C:\Program Files\JetBrains\IntelliJ IDEA Community Edition 2020.2.3\jbr\bin\jimage.dll
0x00007ff823220000 - 0x00007ff823238000 	C:\Program Files\JetBrains\IntelliJ IDEA Community Edition 2020.2.3\jbr\bin\zip.dll

dbghelp: loaded successfully - version: 4.0.5 - missing functions: none
symbol engine: initialized successfully - sym options: 0x614 - pdb path: .;C:\Program Files\JetBrains\IntelliJ IDEA Community Edition 2020.2.3\jbr\bin;C:\WINDOWS\SYSTEM32;C:\WINDOWS\WinSxS\amd64_microsoft.windows.common-controls_6595b64144ccf1df_6.0.19041.746_none_ca02b4b61b8320a4;C:\Program Files\JetBrains\IntelliJ IDEA Community Edition 2020.2.3\jbr\bin\server

VM Arguments:
java_command: org.jetbrains.git4idea.http.GitAskPassApp Username for 'https://nucode.ncl.ac.uk': 
java_class_path (initial): C:/Program Files/JetBrains/IntelliJ IDEA Community Edition 2020.2.3/plugins/git4idea/lib/git4idea-rt.jar;C:/Program Files/JetBrains/IntelliJ IDEA Community Edition 2020.2.3/lib/xmlrpc-2.0.1.jar;C:/Program Files/JetBrains/IntelliJ IDEA Community Edition 2020.2.3/lib/commons-codec-1.14.jar
Launcher Type: SUN_STANDARD

[Global flags]
     intx CICompilerCount                          = 4                                         {product} {ergonomic}
     uint ConcGCThreads                            = 2                                         {product} {ergonomic}
     uint G1ConcRefinementThreads                  = 8                                         {product} {ergonomic}
   size_t G1HeapRegionSize                         = 1048576                                   {product} {ergonomic}
    uintx GCDrainStackTargetSize                   = 64                                        {product} {ergonomic}
   size_t InitialHeapSize                          = 132120576                                 {product} {ergonomic}
   size_t MarkStackSize                            = 4194304                                   {product} {ergonomic}
   size_t MaxHeapSize                              = 2107637760                                {product} {ergonomic}
   size_t MinHeapDeltaBytes                        = 1048576                                   {product} {ergonomic}
    uintx NonNMethodCodeHeapSize                   = 5836300                                {pd product} {ergonomic}
    uintx NonProfiledCodeHeapSize                  = 122910970                              {pd product} {ergonomic}
    uintx ProfiledCodeHeapSize                     = 122910970                              {pd product} {ergonomic}
    uintx ReservedCodeCacheSize                    = 251658240                              {pd product} {ergonomic}
     bool SegmentedCodeCache                       = true                                      {product} {ergonomic}
     bool UseCompressedClassPointers               = true                                 {lp64_product} {ergonomic}
     bool UseCompressedOops                        = true                                 {lp64_product} {ergonomic}
     bool UseG1GC                                  = true                                      {product} {ergonomic}
     bool UseLargePagesIndividualAllocation        = false                                  {pd product} {ergonomic}

Logging:
Log output configuration:
 #0: stdout all=warning uptime,level,tags
 #1: stderr all=off uptime,level,tags

Environment Variables:
JAVA_HOME=C:\Program Files (x86)\Java\jdk-11.0.4\bin
PATH=C:\Program Files\Git\mingw64\libexec\git-core;C:\Program Files\Git\mingw64\libexec\git-core;C:\Program Files\Git\mingw64\bin;C:\Program Files\Git\usr\bin;C:\Users\Josh\bin;C:\Program Files (x86)\Java\jdk-11.0.4\bin;C:\Program Files (x86)\Intel\Intel(R) Management Engine Components\iCLS;C:\Program Files\Intel\Intel(R) Management Engine Components\iCLS;C:\Windows\system32;C:\Windows;C:\Windows\System32\Wbem;C:\Windows\System32\WindowsPowerShell\v1.0;C:\Windows\System32\OpenSSH;C:\Program Files (x86)\Intel\Intel(R) Management Engine Components\DAL;C:\Program Files\Intel\Intel(R) Management Engine Components\DAL;C:\Program Files (x86)\Intel\Intel(R) Management Engine Components\IPT;C:\Program Files\Intel\Intel(R) Management Engine Components\IPT;C:\Program Files\nodejs;C:\WINDOWS\system32;C:\WINDOWS;C:\WINDOWS\System32\Wbem;C:\WINDOWS\System32\WindowsPowerShell\v1.0;C:\WINDOWS\System32\OpenSSH;C:\Program Files (x86)\NVIDIA Corporation\PhysX\Common;C:\Program Files\NVIDIA Corporation\NVIDIA NvDLISR;C:\WINDOWS\system32;C:\WINDOWS;C:\WINDOWS\System32\Wbem;C:\WINDOWS\System32\WindowsPowerShell\v1.0;C:\WINDOWS\System32\OpenSSH;C:\Program Files\Git\cmd;C:\Users\Josh\AppData\Local\Microsoft\WindowsApps;C:\Users\Josh\AppData\Roaming\npm;C:\Program Files\JetBrains\IntelliJ IDEA Community Edition 2020.2.3\bin;C:\Users\Josh\AppData\Local\GitHubDesktop\bin
USERNAME=Josh
DISPLAY=:0.0
LC_ALL=en_US.UTF-8
OS=Windows_NT
PROCESSOR_IDENTIFIER=Intel64 Family 6 Model 158 Stepping 10, GenuineIntel



---------------  S Y S T E M  ---------------

OS: Windows 10 , 64 bit Build 19041 (10.0.19041.662)
OS uptime: 1 days 0:56 hours

CPU:total 8 (initial active 8) (4 cores per cpu, 2 threads per core) family 6 model 158 stepping 10, cmov, cx8, fxsr, mmx, sse, sse2, sse3, ssse3, sse4.1, sse4.2, popcnt, avx, avx2, aes, clmul, erms, 3dnowpref, lzcnt, ht, tsc, tscinvbit, bmi1, bmi2, adx, fma

Memory: 4k page, system-wide physical 8034M (2047M free)
TotalPageFile size 32610M (AvailPageFile size 17M)
current process WorkingSet (physical memory assigned to process): 9M, peak: 9M
current process commit charge ("private bytes"): 59M, peak: 185M

vm_info: OpenJDK 64-Bit Server VM (11.0.9+11-b1145.21) for windows-amd64 JRE (11.0.9+11-b1145.21), built on Nov 21 2020 14:37:09 by "" with MS VC++ 14.0 (VS2015)

END.
